ARM GAS  /tmp/ccToPPXF.s 			page 1


   1              		.cpu cortex-m4
   2              		.eabi_attribute 27, 1
   3              		.eabi_attribute 28, 1
   4              		.eabi_attribute 20, 1
   5              		.eabi_attribute 21, 1
   6              		.eabi_attribute 23, 3
   7              		.eabi_attribute 24, 1
   8              		.eabi_attribute 25, 1
   9              		.eabi_attribute 26, 1
  10              		.eabi_attribute 30, 1
  11              		.eabi_attribute 34, 1
  12              		.eabi_attribute 18, 4
  13              		.file	"stm32f4xx_hal_msp.c"
  14              		.text
  15              	.Ltext0:
  16              		.cfi_sections	.debug_frame
  17              		.section	.text.HAL_MspInit,"ax",%progbits
  18              		.align	1
  19              		.global	HAL_MspInit
  20              		.arch armv7e-m
  21              		.syntax unified
  22              		.thumb
  23              		.thumb_func
  24              		.fpu fpv4-sp-d16
  26              	HAL_MspInit:
  27              	.LFB130:
  28              		.file 1 "Src/stm32f4xx_hal_msp.c"
   1:Src/stm32f4xx_hal_msp.c **** /* USER CODE BEGIN Header */
   2:Src/stm32f4xx_hal_msp.c **** /**
   3:Src/stm32f4xx_hal_msp.c ****   ******************************************************************************
   4:Src/stm32f4xx_hal_msp.c ****   * File Name          : stm32f4xx_hal_msp.c
   5:Src/stm32f4xx_hal_msp.c ****   * Description        : This file provides code for the MSP Initialization 
   6:Src/stm32f4xx_hal_msp.c ****   *                      and de-Initialization codes.
   7:Src/stm32f4xx_hal_msp.c ****   ******************************************************************************
   8:Src/stm32f4xx_hal_msp.c ****   * @attention
   9:Src/stm32f4xx_hal_msp.c ****   *
  10:Src/stm32f4xx_hal_msp.c ****   * <h2><center>&copy; Copyright (c) 2019 STMicroelectronics.
  11:Src/stm32f4xx_hal_msp.c ****   * All rights reserved.</center></h2>
  12:Src/stm32f4xx_hal_msp.c ****   *
  13:Src/stm32f4xx_hal_msp.c ****   * This software component is licensed by ST under BSD 3-Clause license,
  14:Src/stm32f4xx_hal_msp.c ****   * the "License"; You may not use this file except in compliance with the
  15:Src/stm32f4xx_hal_msp.c ****   * License. You may obtain a copy of the License at:
  16:Src/stm32f4xx_hal_msp.c ****   *                        opensource.org/licenses/BSD-3-Clause
  17:Src/stm32f4xx_hal_msp.c ****   *
  18:Src/stm32f4xx_hal_msp.c ****   ******************************************************************************
  19:Src/stm32f4xx_hal_msp.c ****   */
  20:Src/stm32f4xx_hal_msp.c **** /* USER CODE END Header */
  21:Src/stm32f4xx_hal_msp.c **** 
  22:Src/stm32f4xx_hal_msp.c **** /* Includes ------------------------------------------------------------------*/
  23:Src/stm32f4xx_hal_msp.c **** #include "main.h"
  24:Src/stm32f4xx_hal_msp.c **** /* USER CODE BEGIN Includes */
  25:Src/stm32f4xx_hal_msp.c **** 
  26:Src/stm32f4xx_hal_msp.c **** /* USER CODE END Includes */
  27:Src/stm32f4xx_hal_msp.c **** 
  28:Src/stm32f4xx_hal_msp.c **** /* Private typedef -----------------------------------------------------------*/
  29:Src/stm32f4xx_hal_msp.c **** /* USER CODE BEGIN TD */
  30:Src/stm32f4xx_hal_msp.c **** 
ARM GAS  /tmp/ccToPPXF.s 			page 2


  31:Src/stm32f4xx_hal_msp.c **** /* USER CODE END TD */
  32:Src/stm32f4xx_hal_msp.c **** 
  33:Src/stm32f4xx_hal_msp.c **** /* Private define ------------------------------------------------------------*/
  34:Src/stm32f4xx_hal_msp.c **** /* USER CODE BEGIN Define */
  35:Src/stm32f4xx_hal_msp.c ****  
  36:Src/stm32f4xx_hal_msp.c **** /* USER CODE END Define */
  37:Src/stm32f4xx_hal_msp.c **** 
  38:Src/stm32f4xx_hal_msp.c **** /* Private macro -------------------------------------------------------------*/
  39:Src/stm32f4xx_hal_msp.c **** /* USER CODE BEGIN Macro */
  40:Src/stm32f4xx_hal_msp.c **** 
  41:Src/stm32f4xx_hal_msp.c **** /* USER CODE END Macro */
  42:Src/stm32f4xx_hal_msp.c **** 
  43:Src/stm32f4xx_hal_msp.c **** /* Private variables ---------------------------------------------------------*/
  44:Src/stm32f4xx_hal_msp.c **** /* USER CODE BEGIN PV */
  45:Src/stm32f4xx_hal_msp.c **** 
  46:Src/stm32f4xx_hal_msp.c **** /* USER CODE END PV */
  47:Src/stm32f4xx_hal_msp.c **** 
  48:Src/stm32f4xx_hal_msp.c **** /* Private function prototypes -----------------------------------------------*/
  49:Src/stm32f4xx_hal_msp.c **** /* USER CODE BEGIN PFP */
  50:Src/stm32f4xx_hal_msp.c **** 
  51:Src/stm32f4xx_hal_msp.c **** /* USER CODE END PFP */
  52:Src/stm32f4xx_hal_msp.c **** 
  53:Src/stm32f4xx_hal_msp.c **** /* External functions --------------------------------------------------------*/
  54:Src/stm32f4xx_hal_msp.c **** /* USER CODE BEGIN ExternalFunctions */
  55:Src/stm32f4xx_hal_msp.c **** 
  56:Src/stm32f4xx_hal_msp.c **** /* USER CODE END ExternalFunctions */
  57:Src/stm32f4xx_hal_msp.c **** 
  58:Src/stm32f4xx_hal_msp.c **** /* USER CODE BEGIN 0 */
  59:Src/stm32f4xx_hal_msp.c **** 
  60:Src/stm32f4xx_hal_msp.c **** /* USER CODE END 0 */
  61:Src/stm32f4xx_hal_msp.c **** /**
  62:Src/stm32f4xx_hal_msp.c ****   * Initializes the Global MSP.
  63:Src/stm32f4xx_hal_msp.c ****   */
  64:Src/stm32f4xx_hal_msp.c **** void HAL_MspInit(void)
  65:Src/stm32f4xx_hal_msp.c **** {
  29              		.loc 1 65 1 view -0
  30              		.cfi_startproc
  31              		@ args = 0, pretend = 0, frame = 8
  32              		@ frame_needed = 0, uses_anonymous_args = 0
  33              		@ link register save eliminated.
  34 0000 82B0     		sub	sp, sp, #8
  35              	.LCFI0:
  36              		.cfi_def_cfa_offset 8
  66:Src/stm32f4xx_hal_msp.c ****   /* USER CODE BEGIN MspInit 0 */
  67:Src/stm32f4xx_hal_msp.c **** 
  68:Src/stm32f4xx_hal_msp.c ****   /* USER CODE END MspInit 0 */
  69:Src/stm32f4xx_hal_msp.c **** 
  70:Src/stm32f4xx_hal_msp.c ****   __HAL_RCC_SYSCFG_CLK_ENABLE();
  37              		.loc 1 70 3 view .LVU1
  38              	.LBB2:
  39              		.loc 1 70 3 view .LVU2
  40 0002 0021     		movs	r1, #0
  41 0004 0091     		str	r1, [sp]
  42              		.loc 1 70 3 view .LVU3
  43 0006 0B4B     		ldr	r3, .L3
  44 0008 5A6C     		ldr	r2, [r3, #68]
  45 000a 42F48042 		orr	r2, r2, #16384
ARM GAS  /tmp/ccToPPXF.s 			page 3


  46 000e 5A64     		str	r2, [r3, #68]
  47              		.loc 1 70 3 view .LVU4
  48 0010 5A6C     		ldr	r2, [r3, #68]
  49 0012 02F48042 		and	r2, r2, #16384
  50 0016 0092     		str	r2, [sp]
  51              		.loc 1 70 3 view .LVU5
  52 0018 009A     		ldr	r2, [sp]
  53              	.LBE2:
  54              		.loc 1 70 3 view .LVU6
  71:Src/stm32f4xx_hal_msp.c ****   __HAL_RCC_PWR_CLK_ENABLE();
  55              		.loc 1 71 3 view .LVU7
  56              	.LBB3:
  57              		.loc 1 71 3 view .LVU8
  58 001a 0191     		str	r1, [sp, #4]
  59              		.loc 1 71 3 view .LVU9
  60 001c 1A6C     		ldr	r2, [r3, #64]
  61 001e 42F08052 		orr	r2, r2, #268435456
  62 0022 1A64     		str	r2, [r3, #64]
  63              		.loc 1 71 3 view .LVU10
  64 0024 1B6C     		ldr	r3, [r3, #64]
  65 0026 03F08053 		and	r3, r3, #268435456
  66 002a 0193     		str	r3, [sp, #4]
  67              		.loc 1 71 3 view .LVU11
  68 002c 019B     		ldr	r3, [sp, #4]
  69              	.LBE3:
  70              		.loc 1 71 3 view .LVU12
  72:Src/stm32f4xx_hal_msp.c **** 
  73:Src/stm32f4xx_hal_msp.c ****   /* System interrupt init*/
  74:Src/stm32f4xx_hal_msp.c **** 
  75:Src/stm32f4xx_hal_msp.c ****   /* USER CODE BEGIN MspInit 1 */
  76:Src/stm32f4xx_hal_msp.c **** 
  77:Src/stm32f4xx_hal_msp.c ****   /* USER CODE END MspInit 1 */
  78:Src/stm32f4xx_hal_msp.c **** }
  71              		.loc 1 78 1 is_stmt 0 view .LVU13
  72 002e 02B0     		add	sp, sp, #8
  73              	.LCFI1:
  74              		.cfi_def_cfa_offset 0
  75              		@ sp needed
  76 0030 7047     		bx	lr
  77              	.L4:
  78 0032 00BF     		.align	2
  79              	.L3:
  80 0034 00380240 		.word	1073887232
  81              		.cfi_endproc
  82              	.LFE130:
  84              		.section	.text.HAL_I2C_MspInit,"ax",%progbits
  85              		.align	1
  86              		.global	HAL_I2C_MspInit
  87              		.syntax unified
  88              		.thumb
  89              		.thumb_func
  90              		.fpu fpv4-sp-d16
  92              	HAL_I2C_MspInit:
  93              	.LVL0:
  94              	.LFB131:
  79:Src/stm32f4xx_hal_msp.c **** 
  80:Src/stm32f4xx_hal_msp.c **** /**
ARM GAS  /tmp/ccToPPXF.s 			page 4


  81:Src/stm32f4xx_hal_msp.c **** * @brief I2C MSP Initialization
  82:Src/stm32f4xx_hal_msp.c **** * This function configures the hardware resources used in this example
  83:Src/stm32f4xx_hal_msp.c **** * @param hi2c: I2C handle pointer
  84:Src/stm32f4xx_hal_msp.c **** * @retval None
  85:Src/stm32f4xx_hal_msp.c **** */
  86:Src/stm32f4xx_hal_msp.c **** void HAL_I2C_MspInit(I2C_HandleTypeDef* hi2c)
  87:Src/stm32f4xx_hal_msp.c **** {
  95              		.loc 1 87 1 is_stmt 1 view -0
  96              		.cfi_startproc
  97              		@ args = 0, pretend = 0, frame = 32
  98              		@ frame_needed = 0, uses_anonymous_args = 0
  99              		.loc 1 87 1 is_stmt 0 view .LVU15
 100 0000 30B5     		push	{r4, r5, lr}
 101              	.LCFI2:
 102              		.cfi_def_cfa_offset 12
 103              		.cfi_offset 4, -12
 104              		.cfi_offset 5, -8
 105              		.cfi_offset 14, -4
 106 0002 89B0     		sub	sp, sp, #36
 107              	.LCFI3:
 108              		.cfi_def_cfa_offset 48
  88:Src/stm32f4xx_hal_msp.c ****   GPIO_InitTypeDef GPIO_InitStruct = {0};
 109              		.loc 1 88 3 is_stmt 1 view .LVU16
 110              		.loc 1 88 20 is_stmt 0 view .LVU17
 111 0004 0023     		movs	r3, #0
 112 0006 0393     		str	r3, [sp, #12]
 113 0008 0493     		str	r3, [sp, #16]
 114 000a 0593     		str	r3, [sp, #20]
 115 000c 0693     		str	r3, [sp, #24]
 116 000e 0793     		str	r3, [sp, #28]
  89:Src/stm32f4xx_hal_msp.c ****   if(hi2c->Instance==I2C1)
 117              		.loc 1 89 3 is_stmt 1 view .LVU18
 118              		.loc 1 89 10 is_stmt 0 view .LVU19
 119 0010 0268     		ldr	r2, [r0]
 120              		.loc 1 89 5 view .LVU20
 121 0012 154B     		ldr	r3, .L9
 122 0014 9A42     		cmp	r2, r3
 123 0016 01D0     		beq	.L8
 124              	.LVL1:
 125              	.L5:
  90:Src/stm32f4xx_hal_msp.c ****   {
  91:Src/stm32f4xx_hal_msp.c ****   /* USER CODE BEGIN I2C1_MspInit 0 */
  92:Src/stm32f4xx_hal_msp.c **** 
  93:Src/stm32f4xx_hal_msp.c ****   /* USER CODE END I2C1_MspInit 0 */
  94:Src/stm32f4xx_hal_msp.c ****   
  95:Src/stm32f4xx_hal_msp.c ****     __HAL_RCC_GPIOB_CLK_ENABLE();
  96:Src/stm32f4xx_hal_msp.c ****     /**I2C1 GPIO Configuration    
  97:Src/stm32f4xx_hal_msp.c ****     PB6     ------> I2C1_SCL
  98:Src/stm32f4xx_hal_msp.c ****     PB7     ------> I2C1_SDA 
  99:Src/stm32f4xx_hal_msp.c ****     */
 100:Src/stm32f4xx_hal_msp.c ****     GPIO_InitStruct.Pin = GPIO_PIN_6|GPIO_PIN_7;
 101:Src/stm32f4xx_hal_msp.c ****     GPIO_InitStruct.Mode = GPIO_MODE_AF_OD;
 102:Src/stm32f4xx_hal_msp.c ****     GPIO_InitStruct.Pull = GPIO_PULLUP;
 103:Src/stm32f4xx_hal_msp.c ****     GPIO_InitStruct.Speed = GPIO_SPEED_FREQ_VERY_HIGH;
 104:Src/stm32f4xx_hal_msp.c ****     GPIO_InitStruct.Alternate = GPIO_AF4_I2C1;
 105:Src/stm32f4xx_hal_msp.c ****     HAL_GPIO_Init(GPIOB, &GPIO_InitStruct);
 106:Src/stm32f4xx_hal_msp.c **** 
ARM GAS  /tmp/ccToPPXF.s 			page 5


 107:Src/stm32f4xx_hal_msp.c ****     /* Peripheral clock enable */
 108:Src/stm32f4xx_hal_msp.c ****     __HAL_RCC_I2C1_CLK_ENABLE();
 109:Src/stm32f4xx_hal_msp.c ****   /* USER CODE BEGIN I2C1_MspInit 1 */
 110:Src/stm32f4xx_hal_msp.c **** 
 111:Src/stm32f4xx_hal_msp.c ****   /* USER CODE END I2C1_MspInit 1 */
 112:Src/stm32f4xx_hal_msp.c ****   }
 113:Src/stm32f4xx_hal_msp.c **** 
 114:Src/stm32f4xx_hal_msp.c **** }
 126              		.loc 1 114 1 view .LVU21
 127 0018 09B0     		add	sp, sp, #36
 128              	.LCFI4:
 129              		.cfi_remember_state
 130              		.cfi_def_cfa_offset 12
 131              		@ sp needed
 132 001a 30BD     		pop	{r4, r5, pc}
 133              	.LVL2:
 134              	.L8:
 135              	.LCFI5:
 136              		.cfi_restore_state
  95:Src/stm32f4xx_hal_msp.c ****     /**I2C1 GPIO Configuration    
 137              		.loc 1 95 5 is_stmt 1 view .LVU22
 138              	.LBB4:
  95:Src/stm32f4xx_hal_msp.c ****     /**I2C1 GPIO Configuration    
 139              		.loc 1 95 5 view .LVU23
 140 001c 0025     		movs	r5, #0
 141 001e 0195     		str	r5, [sp, #4]
  95:Src/stm32f4xx_hal_msp.c ****     /**I2C1 GPIO Configuration    
 142              		.loc 1 95 5 view .LVU24
 143 0020 124C     		ldr	r4, .L9+4
 144 0022 236B     		ldr	r3, [r4, #48]
 145 0024 43F00203 		orr	r3, r3, #2
 146 0028 2363     		str	r3, [r4, #48]
  95:Src/stm32f4xx_hal_msp.c ****     /**I2C1 GPIO Configuration    
 147              		.loc 1 95 5 view .LVU25
 148 002a 236B     		ldr	r3, [r4, #48]
 149 002c 03F00203 		and	r3, r3, #2
 150 0030 0193     		str	r3, [sp, #4]
  95:Src/stm32f4xx_hal_msp.c ****     /**I2C1 GPIO Configuration    
 151              		.loc 1 95 5 view .LVU26
 152 0032 019B     		ldr	r3, [sp, #4]
 153              	.LBE4:
  95:Src/stm32f4xx_hal_msp.c ****     /**I2C1 GPIO Configuration    
 154              		.loc 1 95 5 view .LVU27
 100:Src/stm32f4xx_hal_msp.c ****     GPIO_InitStruct.Mode = GPIO_MODE_AF_OD;
 155              		.loc 1 100 5 view .LVU28
 100:Src/stm32f4xx_hal_msp.c ****     GPIO_InitStruct.Mode = GPIO_MODE_AF_OD;
 156              		.loc 1 100 25 is_stmt 0 view .LVU29
 157 0034 C023     		movs	r3, #192
 158 0036 0393     		str	r3, [sp, #12]
 101:Src/stm32f4xx_hal_msp.c ****     GPIO_InitStruct.Pull = GPIO_PULLUP;
 159              		.loc 1 101 5 is_stmt 1 view .LVU30
 101:Src/stm32f4xx_hal_msp.c ****     GPIO_InitStruct.Pull = GPIO_PULLUP;
 160              		.loc 1 101 26 is_stmt 0 view .LVU31
 161 0038 1223     		movs	r3, #18
 162 003a 0493     		str	r3, [sp, #16]
 102:Src/stm32f4xx_hal_msp.c ****     GPIO_InitStruct.Speed = GPIO_SPEED_FREQ_VERY_HIGH;
 163              		.loc 1 102 5 is_stmt 1 view .LVU32
ARM GAS  /tmp/ccToPPXF.s 			page 6


 102:Src/stm32f4xx_hal_msp.c ****     GPIO_InitStruct.Speed = GPIO_SPEED_FREQ_VERY_HIGH;
 164              		.loc 1 102 26 is_stmt 0 view .LVU33
 165 003c 0123     		movs	r3, #1
 166 003e 0593     		str	r3, [sp, #20]
 103:Src/stm32f4xx_hal_msp.c ****     GPIO_InitStruct.Alternate = GPIO_AF4_I2C1;
 167              		.loc 1 103 5 is_stmt 1 view .LVU34
 103:Src/stm32f4xx_hal_msp.c ****     GPIO_InitStruct.Alternate = GPIO_AF4_I2C1;
 168              		.loc 1 103 27 is_stmt 0 view .LVU35
 169 0040 0323     		movs	r3, #3
 170 0042 0693     		str	r3, [sp, #24]
 104:Src/stm32f4xx_hal_msp.c ****     HAL_GPIO_Init(GPIOB, &GPIO_InitStruct);
 171              		.loc 1 104 5 is_stmt 1 view .LVU36
 104:Src/stm32f4xx_hal_msp.c ****     HAL_GPIO_Init(GPIOB, &GPIO_InitStruct);
 172              		.loc 1 104 31 is_stmt 0 view .LVU37
 173 0044 0423     		movs	r3, #4
 174 0046 0793     		str	r3, [sp, #28]
 105:Src/stm32f4xx_hal_msp.c **** 
 175              		.loc 1 105 5 is_stmt 1 view .LVU38
 176 0048 03A9     		add	r1, sp, #12
 177 004a 0948     		ldr	r0, .L9+8
 178              	.LVL3:
 105:Src/stm32f4xx_hal_msp.c **** 
 179              		.loc 1 105 5 is_stmt 0 view .LVU39
 180 004c FFF7FEFF 		bl	HAL_GPIO_Init
 181              	.LVL4:
 108:Src/stm32f4xx_hal_msp.c ****   /* USER CODE BEGIN I2C1_MspInit 1 */
 182              		.loc 1 108 5 is_stmt 1 view .LVU40
 183              	.LBB5:
 108:Src/stm32f4xx_hal_msp.c ****   /* USER CODE BEGIN I2C1_MspInit 1 */
 184              		.loc 1 108 5 view .LVU41
 185 0050 0295     		str	r5, [sp, #8]
 108:Src/stm32f4xx_hal_msp.c ****   /* USER CODE BEGIN I2C1_MspInit 1 */
 186              		.loc 1 108 5 view .LVU42
 187 0052 236C     		ldr	r3, [r4, #64]
 188 0054 43F40013 		orr	r3, r3, #2097152
 189 0058 2364     		str	r3, [r4, #64]
 108:Src/stm32f4xx_hal_msp.c ****   /* USER CODE BEGIN I2C1_MspInit 1 */
 190              		.loc 1 108 5 view .LVU43
 191 005a 236C     		ldr	r3, [r4, #64]
 192 005c 03F40013 		and	r3, r3, #2097152
 193 0060 0293     		str	r3, [sp, #8]
 108:Src/stm32f4xx_hal_msp.c ****   /* USER CODE BEGIN I2C1_MspInit 1 */
 194              		.loc 1 108 5 view .LVU44
 195 0062 029B     		ldr	r3, [sp, #8]
 196              	.LBE5:
 108:Src/stm32f4xx_hal_msp.c ****   /* USER CODE BEGIN I2C1_MspInit 1 */
 197              		.loc 1 108 5 view .LVU45
 198              		.loc 1 114 1 is_stmt 0 view .LVU46
 199 0064 D8E7     		b	.L5
 200              	.L10:
 201 0066 00BF     		.align	2
 202              	.L9:
 203 0068 00540040 		.word	1073763328
 204 006c 00380240 		.word	1073887232
 205 0070 00040240 		.word	1073873920
 206              		.cfi_endproc
 207              	.LFE131:
ARM GAS  /tmp/ccToPPXF.s 			page 7


 209              		.section	.text.HAL_I2C_MspDeInit,"ax",%progbits
 210              		.align	1
 211              		.global	HAL_I2C_MspDeInit
 212              		.syntax unified
 213              		.thumb
 214              		.thumb_func
 215              		.fpu fpv4-sp-d16
 217              	HAL_I2C_MspDeInit:
 218              	.LVL5:
 219              	.LFB132:
 115:Src/stm32f4xx_hal_msp.c **** 
 116:Src/stm32f4xx_hal_msp.c **** /**
 117:Src/stm32f4xx_hal_msp.c **** * @brief I2C MSP De-Initialization
 118:Src/stm32f4xx_hal_msp.c **** * This function freeze the hardware resources used in this example
 119:Src/stm32f4xx_hal_msp.c **** * @param hi2c: I2C handle pointer
 120:Src/stm32f4xx_hal_msp.c **** * @retval None
 121:Src/stm32f4xx_hal_msp.c **** */
 122:Src/stm32f4xx_hal_msp.c **** void HAL_I2C_MspDeInit(I2C_HandleTypeDef* hi2c)
 123:Src/stm32f4xx_hal_msp.c **** {
 220              		.loc 1 123 1 is_stmt 1 view -0
 221              		.cfi_startproc
 222              		@ args = 0, pretend = 0, frame = 0
 223              		@ frame_needed = 0, uses_anonymous_args = 0
 224              		.loc 1 123 1 is_stmt 0 view .LVU48
 225 0000 08B5     		push	{r3, lr}
 226              	.LCFI6:
 227              		.cfi_def_cfa_offset 8
 228              		.cfi_offset 3, -8
 229              		.cfi_offset 14, -4
 124:Src/stm32f4xx_hal_msp.c ****   if(hi2c->Instance==I2C1)
 230              		.loc 1 124 3 is_stmt 1 view .LVU49
 231              		.loc 1 124 10 is_stmt 0 view .LVU50
 232 0002 0268     		ldr	r2, [r0]
 233              		.loc 1 124 5 view .LVU51
 234 0004 064B     		ldr	r3, .L15
 235 0006 9A42     		cmp	r2, r3
 236 0008 00D0     		beq	.L14
 237              	.LVL6:
 238              	.L11:
 125:Src/stm32f4xx_hal_msp.c ****   {
 126:Src/stm32f4xx_hal_msp.c ****   /* USER CODE BEGIN I2C1_MspDeInit 0 */
 127:Src/stm32f4xx_hal_msp.c **** 
 128:Src/stm32f4xx_hal_msp.c ****   /* USER CODE END I2C1_MspDeInit 0 */
 129:Src/stm32f4xx_hal_msp.c ****     /* Peripheral clock disable */
 130:Src/stm32f4xx_hal_msp.c ****     __HAL_RCC_I2C1_CLK_DISABLE();
 131:Src/stm32f4xx_hal_msp.c ****   
 132:Src/stm32f4xx_hal_msp.c ****     /**I2C1 GPIO Configuration    
 133:Src/stm32f4xx_hal_msp.c ****     PB6     ------> I2C1_SCL
 134:Src/stm32f4xx_hal_msp.c ****     PB7     ------> I2C1_SDA 
 135:Src/stm32f4xx_hal_msp.c ****     */
 136:Src/stm32f4xx_hal_msp.c ****     HAL_GPIO_DeInit(GPIOB, GPIO_PIN_6|GPIO_PIN_7);
 137:Src/stm32f4xx_hal_msp.c **** 
 138:Src/stm32f4xx_hal_msp.c ****   /* USER CODE BEGIN I2C1_MspDeInit 1 */
 139:Src/stm32f4xx_hal_msp.c **** 
 140:Src/stm32f4xx_hal_msp.c ****   /* USER CODE END I2C1_MspDeInit 1 */
 141:Src/stm32f4xx_hal_msp.c ****   }
 142:Src/stm32f4xx_hal_msp.c **** 
ARM GAS  /tmp/ccToPPXF.s 			page 8


 143:Src/stm32f4xx_hal_msp.c **** }
 239              		.loc 1 143 1 view .LVU52
 240 000a 08BD     		pop	{r3, pc}
 241              	.LVL7:
 242              	.L14:
 130:Src/stm32f4xx_hal_msp.c ****   
 243              		.loc 1 130 5 is_stmt 1 view .LVU53
 244 000c 054A     		ldr	r2, .L15+4
 245 000e 136C     		ldr	r3, [r2, #64]
 246 0010 23F40013 		bic	r3, r3, #2097152
 247 0014 1364     		str	r3, [r2, #64]
 136:Src/stm32f4xx_hal_msp.c **** 
 248              		.loc 1 136 5 view .LVU54
 249 0016 C021     		movs	r1, #192
 250 0018 0348     		ldr	r0, .L15+8
 251              	.LVL8:
 136:Src/stm32f4xx_hal_msp.c **** 
 252              		.loc 1 136 5 is_stmt 0 view .LVU55
 253 001a FFF7FEFF 		bl	HAL_GPIO_DeInit
 254              	.LVL9:
 255              		.loc 1 143 1 view .LVU56
 256 001e F4E7     		b	.L11
 257              	.L16:
 258              		.align	2
 259              	.L15:
 260 0020 00540040 		.word	1073763328
 261 0024 00380240 		.word	1073887232
 262 0028 00040240 		.word	1073873920
 263              		.cfi_endproc
 264              	.LFE132:
 266              		.section	.text.HAL_SPI_MspInit,"ax",%progbits
 267              		.align	1
 268              		.global	HAL_SPI_MspInit
 269              		.syntax unified
 270              		.thumb
 271              		.thumb_func
 272              		.fpu fpv4-sp-d16
 274              	HAL_SPI_MspInit:
 275              	.LVL10:
 276              	.LFB133:
 144:Src/stm32f4xx_hal_msp.c **** 
 145:Src/stm32f4xx_hal_msp.c **** /**
 146:Src/stm32f4xx_hal_msp.c **** * @brief SPI MSP Initialization
 147:Src/stm32f4xx_hal_msp.c **** * This function configures the hardware resources used in this example
 148:Src/stm32f4xx_hal_msp.c **** * @param hspi: SPI handle pointer
 149:Src/stm32f4xx_hal_msp.c **** * @retval None
 150:Src/stm32f4xx_hal_msp.c **** */
 151:Src/stm32f4xx_hal_msp.c **** void HAL_SPI_MspInit(SPI_HandleTypeDef* hspi)
 152:Src/stm32f4xx_hal_msp.c **** {
 277              		.loc 1 152 1 is_stmt 1 view -0
 278              		.cfi_startproc
 279              		@ args = 0, pretend = 0, frame = 32
 280              		@ frame_needed = 0, uses_anonymous_args = 0
 281              		.loc 1 152 1 is_stmt 0 view .LVU58
 282 0000 2DE9F041 		push	{r4, r5, r6, r7, r8, lr}
 283              	.LCFI7:
 284              		.cfi_def_cfa_offset 24
ARM GAS  /tmp/ccToPPXF.s 			page 9


 285              		.cfi_offset 4, -24
 286              		.cfi_offset 5, -20
 287              		.cfi_offset 6, -16
 288              		.cfi_offset 7, -12
 289              		.cfi_offset 8, -8
 290              		.cfi_offset 14, -4
 291 0004 88B0     		sub	sp, sp, #32
 292              	.LCFI8:
 293              		.cfi_def_cfa_offset 56
 153:Src/stm32f4xx_hal_msp.c ****   GPIO_InitTypeDef GPIO_InitStruct = {0};
 294              		.loc 1 153 3 is_stmt 1 view .LVU59
 295              		.loc 1 153 20 is_stmt 0 view .LVU60
 296 0006 0023     		movs	r3, #0
 297 0008 0393     		str	r3, [sp, #12]
 298 000a 0493     		str	r3, [sp, #16]
 299 000c 0593     		str	r3, [sp, #20]
 300 000e 0693     		str	r3, [sp, #24]
 301 0010 0793     		str	r3, [sp, #28]
 154:Src/stm32f4xx_hal_msp.c ****   if(hspi->Instance==SPI2)
 302              		.loc 1 154 3 is_stmt 1 view .LVU61
 303              		.loc 1 154 10 is_stmt 0 view .LVU62
 304 0012 0268     		ldr	r2, [r0]
 305              		.loc 1 154 5 view .LVU63
 306 0014 254B     		ldr	r3, .L21
 307 0016 9A42     		cmp	r2, r3
 308 0018 02D0     		beq	.L20
 309              	.LVL11:
 310              	.L17:
 155:Src/stm32f4xx_hal_msp.c ****   {
 156:Src/stm32f4xx_hal_msp.c ****   /* USER CODE BEGIN SPI2_MspInit 0 */
 157:Src/stm32f4xx_hal_msp.c **** 
 158:Src/stm32f4xx_hal_msp.c ****   /* USER CODE END SPI2_MspInit 0 */
 159:Src/stm32f4xx_hal_msp.c ****     /* Peripheral clock enable */
 160:Src/stm32f4xx_hal_msp.c ****     __HAL_RCC_SPI2_CLK_ENABLE();
 161:Src/stm32f4xx_hal_msp.c ****   
 162:Src/stm32f4xx_hal_msp.c ****     __HAL_RCC_GPIOC_CLK_ENABLE();
 163:Src/stm32f4xx_hal_msp.c ****     __HAL_RCC_GPIOB_CLK_ENABLE();
 164:Src/stm32f4xx_hal_msp.c ****     /**SPI2 GPIO Configuration    
 165:Src/stm32f4xx_hal_msp.c ****     PC1     ------> SPI2_MOSI
 166:Src/stm32f4xx_hal_msp.c ****     PC2     ------> SPI2_MISO
 167:Src/stm32f4xx_hal_msp.c ****     PB10     ------> SPI2_SCK
 168:Src/stm32f4xx_hal_msp.c ****     PB12     ------> SPI2_NSS 
 169:Src/stm32f4xx_hal_msp.c ****     */
 170:Src/stm32f4xx_hal_msp.c ****     GPIO_InitStruct.Pin = GPIO_PIN_1;
 171:Src/stm32f4xx_hal_msp.c ****     GPIO_InitStruct.Mode = GPIO_MODE_AF_PP;
 172:Src/stm32f4xx_hal_msp.c ****     GPIO_InitStruct.Pull = GPIO_NOPULL;
 173:Src/stm32f4xx_hal_msp.c ****     GPIO_InitStruct.Speed = GPIO_SPEED_FREQ_VERY_HIGH;
 174:Src/stm32f4xx_hal_msp.c ****     GPIO_InitStruct.Alternate = GPIO_AF7_SPI2;
 175:Src/stm32f4xx_hal_msp.c ****     HAL_GPIO_Init(GPIOC, &GPIO_InitStruct);
 176:Src/stm32f4xx_hal_msp.c **** 
 177:Src/stm32f4xx_hal_msp.c ****     GPIO_InitStruct.Pin = GPIO_PIN_2;
 178:Src/stm32f4xx_hal_msp.c ****     GPIO_InitStruct.Mode = GPIO_MODE_AF_PP;
 179:Src/stm32f4xx_hal_msp.c ****     GPIO_InitStruct.Pull = GPIO_NOPULL;
 180:Src/stm32f4xx_hal_msp.c ****     GPIO_InitStruct.Speed = GPIO_SPEED_FREQ_VERY_HIGH;
 181:Src/stm32f4xx_hal_msp.c ****     GPIO_InitStruct.Alternate = GPIO_AF5_SPI2;
 182:Src/stm32f4xx_hal_msp.c ****     HAL_GPIO_Init(GPIOC, &GPIO_InitStruct);
 183:Src/stm32f4xx_hal_msp.c **** 
ARM GAS  /tmp/ccToPPXF.s 			page 10


 184:Src/stm32f4xx_hal_msp.c ****     GPIO_InitStruct.Pin = GPIO_PIN_10|GPIO_PIN_12;
 185:Src/stm32f4xx_hal_msp.c ****     GPIO_InitStruct.Mode = GPIO_MODE_AF_PP;
 186:Src/stm32f4xx_hal_msp.c ****     GPIO_InitStruct.Pull = GPIO_NOPULL;
 187:Src/stm32f4xx_hal_msp.c ****     GPIO_InitStruct.Speed = GPIO_SPEED_FREQ_VERY_HIGH;
 188:Src/stm32f4xx_hal_msp.c ****     GPIO_InitStruct.Alternate = GPIO_AF5_SPI2;
 189:Src/stm32f4xx_hal_msp.c ****     HAL_GPIO_Init(GPIOB, &GPIO_InitStruct);
 190:Src/stm32f4xx_hal_msp.c **** 
 191:Src/stm32f4xx_hal_msp.c ****   /* USER CODE BEGIN SPI2_MspInit 1 */
 192:Src/stm32f4xx_hal_msp.c **** 
 193:Src/stm32f4xx_hal_msp.c ****   /* USER CODE END SPI2_MspInit 1 */
 194:Src/stm32f4xx_hal_msp.c ****   }
 195:Src/stm32f4xx_hal_msp.c **** 
 196:Src/stm32f4xx_hal_msp.c **** }
 311              		.loc 1 196 1 view .LVU64
 312 001a 08B0     		add	sp, sp, #32
 313              	.LCFI9:
 314              		.cfi_remember_state
 315              		.cfi_def_cfa_offset 24
 316              		@ sp needed
 317 001c BDE8F081 		pop	{r4, r5, r6, r7, r8, pc}
 318              	.LVL12:
 319              	.L20:
 320              	.LCFI10:
 321              		.cfi_restore_state
 160:Src/stm32f4xx_hal_msp.c ****   
 322              		.loc 1 160 5 is_stmt 1 view .LVU65
 323              	.LBB6:
 160:Src/stm32f4xx_hal_msp.c ****   
 324              		.loc 1 160 5 view .LVU66
 325 0020 0024     		movs	r4, #0
 326 0022 0094     		str	r4, [sp]
 160:Src/stm32f4xx_hal_msp.c ****   
 327              		.loc 1 160 5 view .LVU67
 328 0024 03F50033 		add	r3, r3, #131072
 329 0028 1A6C     		ldr	r2, [r3, #64]
 330 002a 42F48042 		orr	r2, r2, #16384
 331 002e 1A64     		str	r2, [r3, #64]
 160:Src/stm32f4xx_hal_msp.c ****   
 332              		.loc 1 160 5 view .LVU68
 333 0030 1A6C     		ldr	r2, [r3, #64]
 334 0032 02F48042 		and	r2, r2, #16384
 335 0036 0092     		str	r2, [sp]
 160:Src/stm32f4xx_hal_msp.c ****   
 336              		.loc 1 160 5 view .LVU69
 337 0038 009A     		ldr	r2, [sp]
 338              	.LBE6:
 160:Src/stm32f4xx_hal_msp.c ****   
 339              		.loc 1 160 5 view .LVU70
 162:Src/stm32f4xx_hal_msp.c ****     __HAL_RCC_GPIOB_CLK_ENABLE();
 340              		.loc 1 162 5 view .LVU71
 341              	.LBB7:
 162:Src/stm32f4xx_hal_msp.c ****     __HAL_RCC_GPIOB_CLK_ENABLE();
 342              		.loc 1 162 5 view .LVU72
 343 003a 0194     		str	r4, [sp, #4]
 162:Src/stm32f4xx_hal_msp.c ****     __HAL_RCC_GPIOB_CLK_ENABLE();
 344              		.loc 1 162 5 view .LVU73
 345 003c 1A6B     		ldr	r2, [r3, #48]
ARM GAS  /tmp/ccToPPXF.s 			page 11


 346 003e 42F00402 		orr	r2, r2, #4
 347 0042 1A63     		str	r2, [r3, #48]
 162:Src/stm32f4xx_hal_msp.c ****     __HAL_RCC_GPIOB_CLK_ENABLE();
 348              		.loc 1 162 5 view .LVU74
 349 0044 1A6B     		ldr	r2, [r3, #48]
 350 0046 02F00402 		and	r2, r2, #4
 351 004a 0192     		str	r2, [sp, #4]
 162:Src/stm32f4xx_hal_msp.c ****     __HAL_RCC_GPIOB_CLK_ENABLE();
 352              		.loc 1 162 5 view .LVU75
 353 004c 019A     		ldr	r2, [sp, #4]
 354              	.LBE7:
 162:Src/stm32f4xx_hal_msp.c ****     __HAL_RCC_GPIOB_CLK_ENABLE();
 355              		.loc 1 162 5 view .LVU76
 163:Src/stm32f4xx_hal_msp.c ****     /**SPI2 GPIO Configuration    
 356              		.loc 1 163 5 view .LVU77
 357              	.LBB8:
 163:Src/stm32f4xx_hal_msp.c ****     /**SPI2 GPIO Configuration    
 358              		.loc 1 163 5 view .LVU78
 359 004e 0294     		str	r4, [sp, #8]
 163:Src/stm32f4xx_hal_msp.c ****     /**SPI2 GPIO Configuration    
 360              		.loc 1 163 5 view .LVU79
 361 0050 1A6B     		ldr	r2, [r3, #48]
 362 0052 42F00202 		orr	r2, r2, #2
 363 0056 1A63     		str	r2, [r3, #48]
 163:Src/stm32f4xx_hal_msp.c ****     /**SPI2 GPIO Configuration    
 364              		.loc 1 163 5 view .LVU80
 365 0058 1B6B     		ldr	r3, [r3, #48]
 366 005a 03F00203 		and	r3, r3, #2
 367 005e 0293     		str	r3, [sp, #8]
 163:Src/stm32f4xx_hal_msp.c ****     /**SPI2 GPIO Configuration    
 368              		.loc 1 163 5 view .LVU81
 369 0060 029B     		ldr	r3, [sp, #8]
 370              	.LBE8:
 163:Src/stm32f4xx_hal_msp.c ****     /**SPI2 GPIO Configuration    
 371              		.loc 1 163 5 view .LVU82
 170:Src/stm32f4xx_hal_msp.c ****     GPIO_InitStruct.Mode = GPIO_MODE_AF_PP;
 372              		.loc 1 170 5 view .LVU83
 170:Src/stm32f4xx_hal_msp.c ****     GPIO_InitStruct.Mode = GPIO_MODE_AF_PP;
 373              		.loc 1 170 25 is_stmt 0 view .LVU84
 374 0062 0225     		movs	r5, #2
 375 0064 0395     		str	r5, [sp, #12]
 171:Src/stm32f4xx_hal_msp.c ****     GPIO_InitStruct.Pull = GPIO_NOPULL;
 376              		.loc 1 171 5 is_stmt 1 view .LVU85
 171:Src/stm32f4xx_hal_msp.c ****     GPIO_InitStruct.Pull = GPIO_NOPULL;
 377              		.loc 1 171 26 is_stmt 0 view .LVU86
 378 0066 0495     		str	r5, [sp, #16]
 172:Src/stm32f4xx_hal_msp.c ****     GPIO_InitStruct.Speed = GPIO_SPEED_FREQ_VERY_HIGH;
 379              		.loc 1 172 5 is_stmt 1 view .LVU87
 172:Src/stm32f4xx_hal_msp.c ****     GPIO_InitStruct.Speed = GPIO_SPEED_FREQ_VERY_HIGH;
 380              		.loc 1 172 26 is_stmt 0 view .LVU88
 381 0068 0594     		str	r4, [sp, #20]
 173:Src/stm32f4xx_hal_msp.c ****     GPIO_InitStruct.Alternate = GPIO_AF7_SPI2;
 382              		.loc 1 173 5 is_stmt 1 view .LVU89
 173:Src/stm32f4xx_hal_msp.c ****     GPIO_InitStruct.Alternate = GPIO_AF7_SPI2;
 383              		.loc 1 173 27 is_stmt 0 view .LVU90
 384 006a 0326     		movs	r6, #3
 385 006c 0696     		str	r6, [sp, #24]
ARM GAS  /tmp/ccToPPXF.s 			page 12


 174:Src/stm32f4xx_hal_msp.c ****     HAL_GPIO_Init(GPIOC, &GPIO_InitStruct);
 386              		.loc 1 174 5 is_stmt 1 view .LVU91
 174:Src/stm32f4xx_hal_msp.c ****     HAL_GPIO_Init(GPIOC, &GPIO_InitStruct);
 387              		.loc 1 174 31 is_stmt 0 view .LVU92
 388 006e 0723     		movs	r3, #7
 389 0070 0793     		str	r3, [sp, #28]
 175:Src/stm32f4xx_hal_msp.c **** 
 390              		.loc 1 175 5 is_stmt 1 view .LVU93
 391 0072 DFF84080 		ldr	r8, .L21+8
 392 0076 03A9     		add	r1, sp, #12
 393 0078 4046     		mov	r0, r8
 394              	.LVL13:
 175:Src/stm32f4xx_hal_msp.c **** 
 395              		.loc 1 175 5 is_stmt 0 view .LVU94
 396 007a FFF7FEFF 		bl	HAL_GPIO_Init
 397              	.LVL14:
 177:Src/stm32f4xx_hal_msp.c ****     GPIO_InitStruct.Mode = GPIO_MODE_AF_PP;
 398              		.loc 1 177 5 is_stmt 1 view .LVU95
 177:Src/stm32f4xx_hal_msp.c ****     GPIO_InitStruct.Mode = GPIO_MODE_AF_PP;
 399              		.loc 1 177 25 is_stmt 0 view .LVU96
 400 007e 0423     		movs	r3, #4
 401 0080 0393     		str	r3, [sp, #12]
 178:Src/stm32f4xx_hal_msp.c ****     GPIO_InitStruct.Pull = GPIO_NOPULL;
 402              		.loc 1 178 5 is_stmt 1 view .LVU97
 178:Src/stm32f4xx_hal_msp.c ****     GPIO_InitStruct.Pull = GPIO_NOPULL;
 403              		.loc 1 178 26 is_stmt 0 view .LVU98
 404 0082 0495     		str	r5, [sp, #16]
 179:Src/stm32f4xx_hal_msp.c ****     GPIO_InitStruct.Speed = GPIO_SPEED_FREQ_VERY_HIGH;
 405              		.loc 1 179 5 is_stmt 1 view .LVU99
 179:Src/stm32f4xx_hal_msp.c ****     GPIO_InitStruct.Speed = GPIO_SPEED_FREQ_VERY_HIGH;
 406              		.loc 1 179 26 is_stmt 0 view .LVU100
 407 0084 0594     		str	r4, [sp, #20]
 180:Src/stm32f4xx_hal_msp.c ****     GPIO_InitStruct.Alternate = GPIO_AF5_SPI2;
 408              		.loc 1 180 5 is_stmt 1 view .LVU101
 180:Src/stm32f4xx_hal_msp.c ****     GPIO_InitStruct.Alternate = GPIO_AF5_SPI2;
 409              		.loc 1 180 27 is_stmt 0 view .LVU102
 410 0086 0696     		str	r6, [sp, #24]
 181:Src/stm32f4xx_hal_msp.c ****     HAL_GPIO_Init(GPIOC, &GPIO_InitStruct);
 411              		.loc 1 181 5 is_stmt 1 view .LVU103
 181:Src/stm32f4xx_hal_msp.c ****     HAL_GPIO_Init(GPIOC, &GPIO_InitStruct);
 412              		.loc 1 181 31 is_stmt 0 view .LVU104
 413 0088 0527     		movs	r7, #5
 414 008a 0797     		str	r7, [sp, #28]
 182:Src/stm32f4xx_hal_msp.c **** 
 415              		.loc 1 182 5 is_stmt 1 view .LVU105
 416 008c 03A9     		add	r1, sp, #12
 417 008e 4046     		mov	r0, r8
 418 0090 FFF7FEFF 		bl	HAL_GPIO_Init
 419              	.LVL15:
 184:Src/stm32f4xx_hal_msp.c ****     GPIO_InitStruct.Mode = GPIO_MODE_AF_PP;
 420              		.loc 1 184 5 view .LVU106
 184:Src/stm32f4xx_hal_msp.c ****     GPIO_InitStruct.Mode = GPIO_MODE_AF_PP;
 421              		.loc 1 184 25 is_stmt 0 view .LVU107
 422 0094 4FF4A053 		mov	r3, #5120
 423 0098 0393     		str	r3, [sp, #12]
 185:Src/stm32f4xx_hal_msp.c ****     GPIO_InitStruct.Pull = GPIO_NOPULL;
 424              		.loc 1 185 5 is_stmt 1 view .LVU108
ARM GAS  /tmp/ccToPPXF.s 			page 13


 185:Src/stm32f4xx_hal_msp.c ****     GPIO_InitStruct.Pull = GPIO_NOPULL;
 425              		.loc 1 185 26 is_stmt 0 view .LVU109
 426 009a 0495     		str	r5, [sp, #16]
 186:Src/stm32f4xx_hal_msp.c ****     GPIO_InitStruct.Speed = GPIO_SPEED_FREQ_VERY_HIGH;
 427              		.loc 1 186 5 is_stmt 1 view .LVU110
 186:Src/stm32f4xx_hal_msp.c ****     GPIO_InitStruct.Speed = GPIO_SPEED_FREQ_VERY_HIGH;
 428              		.loc 1 186 26 is_stmt 0 view .LVU111
 429 009c 0594     		str	r4, [sp, #20]
 187:Src/stm32f4xx_hal_msp.c ****     GPIO_InitStruct.Alternate = GPIO_AF5_SPI2;
 430              		.loc 1 187 5 is_stmt 1 view .LVU112
 187:Src/stm32f4xx_hal_msp.c ****     GPIO_InitStruct.Alternate = GPIO_AF5_SPI2;
 431              		.loc 1 187 27 is_stmt 0 view .LVU113
 432 009e 0696     		str	r6, [sp, #24]
 188:Src/stm32f4xx_hal_msp.c ****     HAL_GPIO_Init(GPIOB, &GPIO_InitStruct);
 433              		.loc 1 188 5 is_stmt 1 view .LVU114
 188:Src/stm32f4xx_hal_msp.c ****     HAL_GPIO_Init(GPIOB, &GPIO_InitStruct);
 434              		.loc 1 188 31 is_stmt 0 view .LVU115
 435 00a0 0797     		str	r7, [sp, #28]
 189:Src/stm32f4xx_hal_msp.c **** 
 436              		.loc 1 189 5 is_stmt 1 view .LVU116
 437 00a2 03A9     		add	r1, sp, #12
 438 00a4 0248     		ldr	r0, .L21+4
 439 00a6 FFF7FEFF 		bl	HAL_GPIO_Init
 440              	.LVL16:
 441              		.loc 1 196 1 is_stmt 0 view .LVU117
 442 00aa B6E7     		b	.L17
 443              	.L22:
 444              		.align	2
 445              	.L21:
 446 00ac 00380040 		.word	1073756160
 447 00b0 00040240 		.word	1073873920
 448 00b4 00080240 		.word	1073874944
 449              		.cfi_endproc
 450              	.LFE133:
 452              		.section	.text.HAL_SPI_MspDeInit,"ax",%progbits
 453              		.align	1
 454              		.global	HAL_SPI_MspDeInit
 455              		.syntax unified
 456              		.thumb
 457              		.thumb_func
 458              		.fpu fpv4-sp-d16
 460              	HAL_SPI_MspDeInit:
 461              	.LVL17:
 462              	.LFB134:
 197:Src/stm32f4xx_hal_msp.c **** 
 198:Src/stm32f4xx_hal_msp.c **** /**
 199:Src/stm32f4xx_hal_msp.c **** * @brief SPI MSP De-Initialization
 200:Src/stm32f4xx_hal_msp.c **** * This function freeze the hardware resources used in this example
 201:Src/stm32f4xx_hal_msp.c **** * @param hspi: SPI handle pointer
 202:Src/stm32f4xx_hal_msp.c **** * @retval None
 203:Src/stm32f4xx_hal_msp.c **** */
 204:Src/stm32f4xx_hal_msp.c **** void HAL_SPI_MspDeInit(SPI_HandleTypeDef* hspi)
 205:Src/stm32f4xx_hal_msp.c **** {
 463              		.loc 1 205 1 is_stmt 1 view -0
 464              		.cfi_startproc
 465              		@ args = 0, pretend = 0, frame = 0
 466              		@ frame_needed = 0, uses_anonymous_args = 0
ARM GAS  /tmp/ccToPPXF.s 			page 14


 467              		.loc 1 205 1 is_stmt 0 view .LVU119
 468 0000 08B5     		push	{r3, lr}
 469              	.LCFI11:
 470              		.cfi_def_cfa_offset 8
 471              		.cfi_offset 3, -8
 472              		.cfi_offset 14, -4
 206:Src/stm32f4xx_hal_msp.c ****   if(hspi->Instance==SPI2)
 473              		.loc 1 206 3 is_stmt 1 view .LVU120
 474              		.loc 1 206 10 is_stmt 0 view .LVU121
 475 0002 0268     		ldr	r2, [r0]
 476              		.loc 1 206 5 view .LVU122
 477 0004 094B     		ldr	r3, .L27
 478 0006 9A42     		cmp	r2, r3
 479 0008 00D0     		beq	.L26
 480              	.LVL18:
 481              	.L23:
 207:Src/stm32f4xx_hal_msp.c ****   {
 208:Src/stm32f4xx_hal_msp.c ****   /* USER CODE BEGIN SPI2_MspDeInit 0 */
 209:Src/stm32f4xx_hal_msp.c **** 
 210:Src/stm32f4xx_hal_msp.c ****   /* USER CODE END SPI2_MspDeInit 0 */
 211:Src/stm32f4xx_hal_msp.c ****     /* Peripheral clock disable */
 212:Src/stm32f4xx_hal_msp.c ****     __HAL_RCC_SPI2_CLK_DISABLE();
 213:Src/stm32f4xx_hal_msp.c ****   
 214:Src/stm32f4xx_hal_msp.c ****     /**SPI2 GPIO Configuration    
 215:Src/stm32f4xx_hal_msp.c ****     PC1     ------> SPI2_MOSI
 216:Src/stm32f4xx_hal_msp.c ****     PC2     ------> SPI2_MISO
 217:Src/stm32f4xx_hal_msp.c ****     PB10     ------> SPI2_SCK
 218:Src/stm32f4xx_hal_msp.c ****     PB12     ------> SPI2_NSS 
 219:Src/stm32f4xx_hal_msp.c ****     */
 220:Src/stm32f4xx_hal_msp.c ****     HAL_GPIO_DeInit(GPIOC, GPIO_PIN_1|GPIO_PIN_2);
 221:Src/stm32f4xx_hal_msp.c **** 
 222:Src/stm32f4xx_hal_msp.c ****     HAL_GPIO_DeInit(GPIOB, GPIO_PIN_10|GPIO_PIN_12);
 223:Src/stm32f4xx_hal_msp.c **** 
 224:Src/stm32f4xx_hal_msp.c ****   /* USER CODE BEGIN SPI2_MspDeInit 1 */
 225:Src/stm32f4xx_hal_msp.c **** 
 226:Src/stm32f4xx_hal_msp.c ****   /* USER CODE END SPI2_MspDeInit 1 */
 227:Src/stm32f4xx_hal_msp.c ****   }
 228:Src/stm32f4xx_hal_msp.c **** 
 229:Src/stm32f4xx_hal_msp.c **** }
 482              		.loc 1 229 1 view .LVU123
 483 000a 08BD     		pop	{r3, pc}
 484              	.LVL19:
 485              	.L26:
 212:Src/stm32f4xx_hal_msp.c ****   
 486              		.loc 1 212 5 is_stmt 1 view .LVU124
 487 000c 084A     		ldr	r2, .L27+4
 488 000e 136C     		ldr	r3, [r2, #64]
 489 0010 23F48043 		bic	r3, r3, #16384
 490 0014 1364     		str	r3, [r2, #64]
 220:Src/stm32f4xx_hal_msp.c **** 
 491              		.loc 1 220 5 view .LVU125
 492 0016 0621     		movs	r1, #6
 493 0018 0648     		ldr	r0, .L27+8
 494              	.LVL20:
 220:Src/stm32f4xx_hal_msp.c **** 
 495              		.loc 1 220 5 is_stmt 0 view .LVU126
 496 001a FFF7FEFF 		bl	HAL_GPIO_DeInit
ARM GAS  /tmp/ccToPPXF.s 			page 15


 497              	.LVL21:
 222:Src/stm32f4xx_hal_msp.c **** 
 498              		.loc 1 222 5 is_stmt 1 view .LVU127
 499 001e 4FF4A051 		mov	r1, #5120
 500 0022 0548     		ldr	r0, .L27+12
 501 0024 FFF7FEFF 		bl	HAL_GPIO_DeInit
 502              	.LVL22:
 503              		.loc 1 229 1 is_stmt 0 view .LVU128
 504 0028 EFE7     		b	.L23
 505              	.L28:
 506 002a 00BF     		.align	2
 507              	.L27:
 508 002c 00380040 		.word	1073756160
 509 0030 00380240 		.word	1073887232
 510 0034 00080240 		.word	1073874944
 511 0038 00040240 		.word	1073873920
 512              		.cfi_endproc
 513              	.LFE134:
 515              		.section	.text.HAL_UART_MspInit,"ax",%progbits
 516              		.align	1
 517              		.global	HAL_UART_MspInit
 518              		.syntax unified
 519              		.thumb
 520              		.thumb_func
 521              		.fpu fpv4-sp-d16
 523              	HAL_UART_MspInit:
 524              	.LVL23:
 525              	.LFB135:
 230:Src/stm32f4xx_hal_msp.c **** 
 231:Src/stm32f4xx_hal_msp.c **** /**
 232:Src/stm32f4xx_hal_msp.c **** * @brief UART MSP Initialization
 233:Src/stm32f4xx_hal_msp.c **** * This function configures the hardware resources used in this example
 234:Src/stm32f4xx_hal_msp.c **** * @param huart: UART handle pointer
 235:Src/stm32f4xx_hal_msp.c **** * @retval None
 236:Src/stm32f4xx_hal_msp.c **** */
 237:Src/stm32f4xx_hal_msp.c **** void HAL_UART_MspInit(UART_HandleTypeDef* huart)
 238:Src/stm32f4xx_hal_msp.c **** {
 526              		.loc 1 238 1 is_stmt 1 view -0
 527              		.cfi_startproc
 528              		@ args = 0, pretend = 0, frame = 32
 529              		@ frame_needed = 0, uses_anonymous_args = 0
 530              		.loc 1 238 1 is_stmt 0 view .LVU130
 531 0000 00B5     		push	{lr}
 532              	.LCFI12:
 533              		.cfi_def_cfa_offset 4
 534              		.cfi_offset 14, -4
 535 0002 89B0     		sub	sp, sp, #36
 536              	.LCFI13:
 537              		.cfi_def_cfa_offset 40
 239:Src/stm32f4xx_hal_msp.c ****   GPIO_InitTypeDef GPIO_InitStruct = {0};
 538              		.loc 1 239 3 is_stmt 1 view .LVU131
 539              		.loc 1 239 20 is_stmt 0 view .LVU132
 540 0004 0023     		movs	r3, #0
 541 0006 0393     		str	r3, [sp, #12]
 542 0008 0493     		str	r3, [sp, #16]
 543 000a 0593     		str	r3, [sp, #20]
 544 000c 0693     		str	r3, [sp, #24]
ARM GAS  /tmp/ccToPPXF.s 			page 16


 545 000e 0793     		str	r3, [sp, #28]
 240:Src/stm32f4xx_hal_msp.c ****   if(huart->Instance==USART2)
 546              		.loc 1 240 3 is_stmt 1 view .LVU133
 547              		.loc 1 240 11 is_stmt 0 view .LVU134
 548 0010 0268     		ldr	r2, [r0]
 549              		.loc 1 240 5 view .LVU135
 550 0012 164B     		ldr	r3, .L33
 551 0014 9A42     		cmp	r2, r3
 552 0016 02D0     		beq	.L32
 553              	.LVL24:
 554              	.L29:
 241:Src/stm32f4xx_hal_msp.c ****   {
 242:Src/stm32f4xx_hal_msp.c ****   /* USER CODE BEGIN USART2_MspInit 0 */
 243:Src/stm32f4xx_hal_msp.c **** 
 244:Src/stm32f4xx_hal_msp.c ****   /* USER CODE END USART2_MspInit 0 */
 245:Src/stm32f4xx_hal_msp.c ****     /* Peripheral clock enable */
 246:Src/stm32f4xx_hal_msp.c ****     __HAL_RCC_USART2_CLK_ENABLE();
 247:Src/stm32f4xx_hal_msp.c ****   
 248:Src/stm32f4xx_hal_msp.c ****     __HAL_RCC_GPIOA_CLK_ENABLE();
 249:Src/stm32f4xx_hal_msp.c ****     /**USART2 GPIO Configuration    
 250:Src/stm32f4xx_hal_msp.c ****     PA2     ------> USART2_TX
 251:Src/stm32f4xx_hal_msp.c ****     PA3     ------> USART2_RX 
 252:Src/stm32f4xx_hal_msp.c ****     */
 253:Src/stm32f4xx_hal_msp.c ****     GPIO_InitStruct.Pin = USART_TX_Pin|USART_RX_Pin;
 254:Src/stm32f4xx_hal_msp.c ****     GPIO_InitStruct.Mode = GPIO_MODE_AF_PP;
 255:Src/stm32f4xx_hal_msp.c ****     GPIO_InitStruct.Pull = GPIO_PULLUP;
 256:Src/stm32f4xx_hal_msp.c ****     GPIO_InitStruct.Speed = GPIO_SPEED_FREQ_VERY_HIGH;
 257:Src/stm32f4xx_hal_msp.c ****     GPIO_InitStruct.Alternate = GPIO_AF7_USART2;
 258:Src/stm32f4xx_hal_msp.c ****     HAL_GPIO_Init(GPIOA, &GPIO_InitStruct);
 259:Src/stm32f4xx_hal_msp.c **** 
 260:Src/stm32f4xx_hal_msp.c ****   /* USER CODE BEGIN USART2_MspInit 1 */
 261:Src/stm32f4xx_hal_msp.c **** 
 262:Src/stm32f4xx_hal_msp.c ****   /* USER CODE END USART2_MspInit 1 */
 263:Src/stm32f4xx_hal_msp.c ****   }
 264:Src/stm32f4xx_hal_msp.c **** 
 265:Src/stm32f4xx_hal_msp.c **** }
 555              		.loc 1 265 1 view .LVU136
 556 0018 09B0     		add	sp, sp, #36
 557              	.LCFI14:
 558              		.cfi_remember_state
 559              		.cfi_def_cfa_offset 4
 560              		@ sp needed
 561 001a 5DF804FB 		ldr	pc, [sp], #4
 562              	.LVL25:
 563              	.L32:
 564              	.LCFI15:
 565              		.cfi_restore_state
 246:Src/stm32f4xx_hal_msp.c ****   
 566              		.loc 1 246 5 is_stmt 1 view .LVU137
 567              	.LBB9:
 246:Src/stm32f4xx_hal_msp.c ****   
 568              		.loc 1 246 5 view .LVU138
 569 001e 0021     		movs	r1, #0
 570 0020 0191     		str	r1, [sp, #4]
 246:Src/stm32f4xx_hal_msp.c ****   
 571              		.loc 1 246 5 view .LVU139
 572 0022 03F5FA33 		add	r3, r3, #128000
ARM GAS  /tmp/ccToPPXF.s 			page 17


 573 0026 1A6C     		ldr	r2, [r3, #64]
 574 0028 42F40032 		orr	r2, r2, #131072
 575 002c 1A64     		str	r2, [r3, #64]
 246:Src/stm32f4xx_hal_msp.c ****   
 576              		.loc 1 246 5 view .LVU140
 577 002e 1A6C     		ldr	r2, [r3, #64]
 578 0030 02F40032 		and	r2, r2, #131072
 579 0034 0192     		str	r2, [sp, #4]
 246:Src/stm32f4xx_hal_msp.c ****   
 580              		.loc 1 246 5 view .LVU141
 581 0036 019A     		ldr	r2, [sp, #4]
 582              	.LBE9:
 246:Src/stm32f4xx_hal_msp.c ****   
 583              		.loc 1 246 5 view .LVU142
 248:Src/stm32f4xx_hal_msp.c ****     /**USART2 GPIO Configuration    
 584              		.loc 1 248 5 view .LVU143
 585              	.LBB10:
 248:Src/stm32f4xx_hal_msp.c ****     /**USART2 GPIO Configuration    
 586              		.loc 1 248 5 view .LVU144
 587 0038 0291     		str	r1, [sp, #8]
 248:Src/stm32f4xx_hal_msp.c ****     /**USART2 GPIO Configuration    
 588              		.loc 1 248 5 view .LVU145
 589 003a 1A6B     		ldr	r2, [r3, #48]
 590 003c 42F00102 		orr	r2, r2, #1
 591 0040 1A63     		str	r2, [r3, #48]
 248:Src/stm32f4xx_hal_msp.c ****     /**USART2 GPIO Configuration    
 592              		.loc 1 248 5 view .LVU146
 593 0042 1B6B     		ldr	r3, [r3, #48]
 594 0044 03F00103 		and	r3, r3, #1
 595 0048 0293     		str	r3, [sp, #8]
 248:Src/stm32f4xx_hal_msp.c ****     /**USART2 GPIO Configuration    
 596              		.loc 1 248 5 view .LVU147
 597 004a 029B     		ldr	r3, [sp, #8]
 598              	.LBE10:
 248:Src/stm32f4xx_hal_msp.c ****     /**USART2 GPIO Configuration    
 599              		.loc 1 248 5 view .LVU148
 253:Src/stm32f4xx_hal_msp.c ****     GPIO_InitStruct.Mode = GPIO_MODE_AF_PP;
 600              		.loc 1 253 5 view .LVU149
 253:Src/stm32f4xx_hal_msp.c ****     GPIO_InitStruct.Mode = GPIO_MODE_AF_PP;
 601              		.loc 1 253 25 is_stmt 0 view .LVU150
 602 004c 0C23     		movs	r3, #12
 603 004e 0393     		str	r3, [sp, #12]
 254:Src/stm32f4xx_hal_msp.c ****     GPIO_InitStruct.Pull = GPIO_PULLUP;
 604              		.loc 1 254 5 is_stmt 1 view .LVU151
 254:Src/stm32f4xx_hal_msp.c ****     GPIO_InitStruct.Pull = GPIO_PULLUP;
 605              		.loc 1 254 26 is_stmt 0 view .LVU152
 606 0050 0223     		movs	r3, #2
 607 0052 0493     		str	r3, [sp, #16]
 255:Src/stm32f4xx_hal_msp.c ****     GPIO_InitStruct.Speed = GPIO_SPEED_FREQ_VERY_HIGH;
 608              		.loc 1 255 5 is_stmt 1 view .LVU153
 255:Src/stm32f4xx_hal_msp.c ****     GPIO_InitStruct.Speed = GPIO_SPEED_FREQ_VERY_HIGH;
 609              		.loc 1 255 26 is_stmt 0 view .LVU154
 610 0054 0123     		movs	r3, #1
 611 0056 0593     		str	r3, [sp, #20]
 256:Src/stm32f4xx_hal_msp.c ****     GPIO_InitStruct.Alternate = GPIO_AF7_USART2;
 612              		.loc 1 256 5 is_stmt 1 view .LVU155
 256:Src/stm32f4xx_hal_msp.c ****     GPIO_InitStruct.Alternate = GPIO_AF7_USART2;
ARM GAS  /tmp/ccToPPXF.s 			page 18


 613              		.loc 1 256 27 is_stmt 0 view .LVU156
 614 0058 0323     		movs	r3, #3
 615 005a 0693     		str	r3, [sp, #24]
 257:Src/stm32f4xx_hal_msp.c ****     HAL_GPIO_Init(GPIOA, &GPIO_InitStruct);
 616              		.loc 1 257 5 is_stmt 1 view .LVU157
 257:Src/stm32f4xx_hal_msp.c ****     HAL_GPIO_Init(GPIOA, &GPIO_InitStruct);
 617              		.loc 1 257 31 is_stmt 0 view .LVU158
 618 005c 0723     		movs	r3, #7
 619 005e 0793     		str	r3, [sp, #28]
 258:Src/stm32f4xx_hal_msp.c **** 
 620              		.loc 1 258 5 is_stmt 1 view .LVU159
 621 0060 03A9     		add	r1, sp, #12
 622 0062 0348     		ldr	r0, .L33+4
 623              	.LVL26:
 258:Src/stm32f4xx_hal_msp.c **** 
 624              		.loc 1 258 5 is_stmt 0 view .LVU160
 625 0064 FFF7FEFF 		bl	HAL_GPIO_Init
 626              	.LVL27:
 627              		.loc 1 265 1 view .LVU161
 628 0068 D6E7     		b	.L29
 629              	.L34:
 630 006a 00BF     		.align	2
 631              	.L33:
 632 006c 00440040 		.word	1073759232
 633 0070 00000240 		.word	1073872896
 634              		.cfi_endproc
 635              	.LFE135:
 637              		.section	.text.HAL_UART_MspDeInit,"ax",%progbits
 638              		.align	1
 639              		.global	HAL_UART_MspDeInit
 640              		.syntax unified
 641              		.thumb
 642              		.thumb_func
 643              		.fpu fpv4-sp-d16
 645              	HAL_UART_MspDeInit:
 646              	.LVL28:
 647              	.LFB136:
 266:Src/stm32f4xx_hal_msp.c **** 
 267:Src/stm32f4xx_hal_msp.c **** /**
 268:Src/stm32f4xx_hal_msp.c **** * @brief UART MSP De-Initialization
 269:Src/stm32f4xx_hal_msp.c **** * This function freeze the hardware resources used in this example
 270:Src/stm32f4xx_hal_msp.c **** * @param huart: UART handle pointer
 271:Src/stm32f4xx_hal_msp.c **** * @retval None
 272:Src/stm32f4xx_hal_msp.c **** */
 273:Src/stm32f4xx_hal_msp.c **** void HAL_UART_MspDeInit(UART_HandleTypeDef* huart)
 274:Src/stm32f4xx_hal_msp.c **** {
 648              		.loc 1 274 1 is_stmt 1 view -0
 649              		.cfi_startproc
 650              		@ args = 0, pretend = 0, frame = 0
 651              		@ frame_needed = 0, uses_anonymous_args = 0
 652              		.loc 1 274 1 is_stmt 0 view .LVU163
 653 0000 08B5     		push	{r3, lr}
 654              	.LCFI16:
 655              		.cfi_def_cfa_offset 8
 656              		.cfi_offset 3, -8
 657              		.cfi_offset 14, -4
 275:Src/stm32f4xx_hal_msp.c ****   if(huart->Instance==USART2)
ARM GAS  /tmp/ccToPPXF.s 			page 19


 658              		.loc 1 275 3 is_stmt 1 view .LVU164
 659              		.loc 1 275 11 is_stmt 0 view .LVU165
 660 0002 0268     		ldr	r2, [r0]
 661              		.loc 1 275 5 view .LVU166
 662 0004 064B     		ldr	r3, .L39
 663 0006 9A42     		cmp	r2, r3
 664 0008 00D0     		beq	.L38
 665              	.LVL29:
 666              	.L35:
 276:Src/stm32f4xx_hal_msp.c ****   {
 277:Src/stm32f4xx_hal_msp.c ****   /* USER CODE BEGIN USART2_MspDeInit 0 */
 278:Src/stm32f4xx_hal_msp.c **** 
 279:Src/stm32f4xx_hal_msp.c ****   /* USER CODE END USART2_MspDeInit 0 */
 280:Src/stm32f4xx_hal_msp.c ****     /* Peripheral clock disable */
 281:Src/stm32f4xx_hal_msp.c ****     __HAL_RCC_USART2_CLK_DISABLE();
 282:Src/stm32f4xx_hal_msp.c ****   
 283:Src/stm32f4xx_hal_msp.c ****     /**USART2 GPIO Configuration    
 284:Src/stm32f4xx_hal_msp.c ****     PA2     ------> USART2_TX
 285:Src/stm32f4xx_hal_msp.c ****     PA3     ------> USART2_RX 
 286:Src/stm32f4xx_hal_msp.c ****     */
 287:Src/stm32f4xx_hal_msp.c ****     HAL_GPIO_DeInit(GPIOA, USART_TX_Pin|USART_RX_Pin);
 288:Src/stm32f4xx_hal_msp.c **** 
 289:Src/stm32f4xx_hal_msp.c ****   /* USER CODE BEGIN USART2_MspDeInit 1 */
 290:Src/stm32f4xx_hal_msp.c **** 
 291:Src/stm32f4xx_hal_msp.c ****   /* USER CODE END USART2_MspDeInit 1 */
 292:Src/stm32f4xx_hal_msp.c ****   }
 293:Src/stm32f4xx_hal_msp.c **** 
 294:Src/stm32f4xx_hal_msp.c **** }
 667              		.loc 1 294 1 view .LVU167
 668 000a 08BD     		pop	{r3, pc}
 669              	.LVL30:
 670              	.L38:
 281:Src/stm32f4xx_hal_msp.c ****   
 671              		.loc 1 281 5 is_stmt 1 view .LVU168
 672 000c 054A     		ldr	r2, .L39+4
 673 000e 136C     		ldr	r3, [r2, #64]
 674 0010 23F40033 		bic	r3, r3, #131072
 675 0014 1364     		str	r3, [r2, #64]
 287:Src/stm32f4xx_hal_msp.c **** 
 676              		.loc 1 287 5 view .LVU169
 677 0016 0C21     		movs	r1, #12
 678 0018 0348     		ldr	r0, .L39+8
 679              	.LVL31:
 287:Src/stm32f4xx_hal_msp.c **** 
 680              		.loc 1 287 5 is_stmt 0 view .LVU170
 681 001a FFF7FEFF 		bl	HAL_GPIO_DeInit
 682              	.LVL32:
 683              		.loc 1 294 1 view .LVU171
 684 001e F4E7     		b	.L35
 685              	.L40:
 686              		.align	2
 687              	.L39:
 688 0020 00440040 		.word	1073759232
 689 0024 00380240 		.word	1073887232
 690 0028 00000240 		.word	1073872896
 691              		.cfi_endproc
 692              	.LFE136:
ARM GAS  /tmp/ccToPPXF.s 			page 20


 694              		.text
 695              	.Letext0:
 696              		.file 2 "/home/tbgiles/Documents/gcc-arm-none-eabi-9-2019-q4-major/arm-none-eabi/include/machine/_
 697              		.file 3 "/home/tbgiles/Documents/gcc-arm-none-eabi-9-2019-q4-major/arm-none-eabi/include/sys/_stdi
 698              		.file 4 "Drivers/CMSIS/Include/core_cm4.h"
 699              		.file 5 "Drivers/CMSIS/Device/ST/STM32F4xx/Include/system_stm32f4xx.h"
 700              		.file 6 "Drivers/CMSIS/Device/ST/STM32F4xx/Include/stm32f446xx.h"
 701              		.file 7 "Drivers/STM32F4xx_HAL_Driver/Inc/stm32f4xx_hal_def.h"
 702              		.file 8 "Drivers/STM32F4xx_HAL_Driver/Inc/stm32f4xx_hal_gpio.h"
 703              		.file 9 "Drivers/STM32F4xx_HAL_Driver/Inc/stm32f4xx_hal_dma.h"
 704              		.file 10 "Drivers/STM32F4xx_HAL_Driver/Inc/stm32f4xx_hal_i2c.h"
 705              		.file 11 "Drivers/STM32F4xx_HAL_Driver/Inc/stm32f4xx_hal_spi.h"
 706              		.file 12 "Drivers/STM32F4xx_HAL_Driver/Inc/stm32f4xx_hal_uart.h"
ARM GAS  /tmp/ccToPPXF.s 			page 21


DEFINED SYMBOLS
                            *ABS*:0000000000000000 stm32f4xx_hal_msp.c
     /tmp/ccToPPXF.s:18     .text.HAL_MspInit:0000000000000000 $t
     /tmp/ccToPPXF.s:26     .text.HAL_MspInit:0000000000000000 HAL_MspInit
     /tmp/ccToPPXF.s:80     .text.HAL_MspInit:0000000000000034 $d
     /tmp/ccToPPXF.s:85     .text.HAL_I2C_MspInit:0000000000000000 $t
     /tmp/ccToPPXF.s:92     .text.HAL_I2C_MspInit:0000000000000000 HAL_I2C_MspInit
     /tmp/ccToPPXF.s:203    .text.HAL_I2C_MspInit:0000000000000068 $d
     /tmp/ccToPPXF.s:210    .text.HAL_I2C_MspDeInit:0000000000000000 $t
     /tmp/ccToPPXF.s:217    .text.HAL_I2C_MspDeInit:0000000000000000 HAL_I2C_MspDeInit
     /tmp/ccToPPXF.s:260    .text.HAL_I2C_MspDeInit:0000000000000020 $d
     /tmp/ccToPPXF.s:267    .text.HAL_SPI_MspInit:0000000000000000 $t
     /tmp/ccToPPXF.s:274    .text.HAL_SPI_MspInit:0000000000000000 HAL_SPI_MspInit
     /tmp/ccToPPXF.s:446    .text.HAL_SPI_MspInit:00000000000000ac $d
     /tmp/ccToPPXF.s:453    .text.HAL_SPI_MspDeInit:0000000000000000 $t
     /tmp/ccToPPXF.s:460    .text.HAL_SPI_MspDeInit:0000000000000000 HAL_SPI_MspDeInit
     /tmp/ccToPPXF.s:508    .text.HAL_SPI_MspDeInit:000000000000002c $d
     /tmp/ccToPPXF.s:516    .text.HAL_UART_MspInit:0000000000000000 $t
     /tmp/ccToPPXF.s:523    .text.HAL_UART_MspInit:0000000000000000 HAL_UART_MspInit
     /tmp/ccToPPXF.s:632    .text.HAL_UART_MspInit:000000000000006c $d
     /tmp/ccToPPXF.s:638    .text.HAL_UART_MspDeInit:0000000000000000 $t
     /tmp/ccToPPXF.s:645    .text.HAL_UART_MspDeInit:0000000000000000 HAL_UART_MspDeInit
     /tmp/ccToPPXF.s:688    .text.HAL_UART_MspDeInit:0000000000000020 $d

UNDEFINED SYMBOLS
HAL_GPIO_Init
HAL_GPIO_DeInit
